Finger Table for Node 1506032482 (node-6) | Predecessor: node-5 | Successor: node-7:
Start Key: 1506032483 | Finger's Node Key: 1522810101 | Finger's Node URL: node-7
Start Key: 1506032484 | Finger's Node Key: 1522810101 | Finger's Node URL: node-7
Start Key: 1506032486 | Finger's Node Key: 1522810101 | Finger's Node URL: node-7
Start Key: 1506032490 | Finger's Node Key: 1522810101 | Finger's Node URL: node-7
Start Key: 1506032498 | Finger's Node Key: 1522810101 | Finger's Node URL: node-7
Start Key: 1506032514 | Finger's Node Key: 1522810101 | Finger's Node URL: node-7
Start Key: 1506032546 | Finger's Node Key: 1522810101 | Finger's Node URL: node-7
Start Key: 1506032610 | Finger's Node Key: 1522810101 | Finger's Node URL: node-7
Start Key: 1506032738 | Finger's Node Key: 1522810101 | Finger's Node URL: node-7
Start Key: 1506032994 | Finger's Node Key: 1522810101 | Finger's Node URL: node-7
Start Key: 1506033506 | Finger's Node Key: 1522810101 | Finger's Node URL: node-7
Start Key: 1506034530 | Finger's Node Key: 1522810101 | Finger's Node URL: node-7
Start Key: 1506036578 | Finger's Node Key: 1522810101 | Finger's Node URL: node-7
Start Key: 1506040674 | Finger's Node Key: 1522810101 | Finger's Node URL: node-7
Start Key: 1506048866 | Finger's Node Key: 1522810101 | Finger's Node URL: node-7
Start Key: 1506065250 | Finger's Node Key: 1522810101 | Finger's Node URL: node-7
Start Key: 1506098018 | Finger's Node Key: 1522810101 | Finger's Node URL: node-7
Start Key: 1506163554 | Finger's Node Key: 1522810101 | Finger's Node URL: node-7
Start Key: 1506294626 | Finger's Node Key: 1522810101 | Finger's Node URL: node-7
Start Key: 1506556770 | Finger's Node Key: 1522810101 | Finger's Node URL: node-7
Start Key: 1507081058 | Finger's Node Key: 1522810101 | Finger's Node URL: node-7
Start Key: 1508129634 | Finger's Node Key: 1522810101 | Finger's Node URL: node-7
Start Key: 1510226786 | Finger's Node Key: 1522810101 | Finger's Node URL: node-7
Start Key: 1514421090 | Finger's Node Key: 1522810101 | Finger's Node URL: node-7
Start Key: 1522809698 | Finger's Node Key: 1522810101 | Finger's Node URL: node-7
Start Key: 1539586914 | Finger's Node Key: 1405366768 | Finger's Node URL: node-0
Start Key: 1573141346 | Finger's Node Key: 1405366768 | Finger's Node URL: node-0
Start Key: 1640250210 | Finger's Node Key: 1405366768 | Finger's Node URL: node-0
Start Key: 1774467938 | Finger's Node Key: 1405366768 | Finger's Node URL: node-0
Start Key: 2042903394 | Finger's Node Key: 1405366768 | Finger's Node URL: node-0
Start Key: 432290658 | Finger's Node Key: 1405366768 | Finger's Node URL: node-0

Total Word Count for node-6 = 2 | Dictionary Contents for node-6:
ebony : a kind of hard black wood
outing : a pleasure trip
